<html>
<head>
<title>TestNG:  Test</title>
<link href="../testng.css" rel="stylesheet" type="text/css" />
<link href="../my-testng.css" rel="stylesheet" type="text/css" />

<style type="text/css">
.log { display: none;} 
.stack-trace { display: none;} 
</style>
<script type="text/javascript">
<!--
function flip(e) {
  current = e.style.display;
  if (current == 'block') {
    e.style.display = 'none';
    return 0;
  }
  else {
    e.style.display = 'block';
    return 1;
  }
}

function toggleBox(szDivId, elem, msg1, msg2)
{
  var res = -1;  if (document.getElementById) {
    res = flip(document.getElementById(szDivId));
  }
  else if (document.all) {
    // this is the way old msie versions work
    res = flip(document.all[szDivId]);
  }
  if(elem) {
    if(res == 0) elem.innerHTML = msg1; else elem.innerHTML = msg2;
  }

}

function toggleAllBoxes() {
  if (document.getElementsByTagName) {
    d = document.getElementsByTagName('div');
    for (i = 0; i < d.length; i++) {
      if (d[i].className == 'log') {
        flip(d[i]);
      }
    }
  }
}

// -->
</script>

</head>
<body>
<h2 align='center'>Test</h2><table border='1' align="center">
<tr>
<td>Tests passed/Failed/Skipped:</td><td>3/1/0</td>
</tr><tr>
<td>Started on:</td><td>Thu Mar 02 17:54:48 IST 2023</td>
</tr>
<tr><td>Total time:</td><td>47 seconds (47307 ms)</td>
</tr><tr>
<td>Included groups:</td><td></td>
</tr><tr>
<td>Excluded groups:</td><td></td>
</tr>
</table><p/>
<small><i>(Hover the method name to see the test class name)</i></small><p/>
<table width='100%' border='1' class='invocation-failed'>
<tr><td colspan='4' align='center'><b>FAILED TESTS</b></td></tr>
<tr><td><b>Test method</b></td>
<td><b>Attribute(s)</b></td>
<td width="30%"><b>Exception</b></td>
<td width="10%"><b>Time (seconds)</b></td>
<td><b>Instance</b></td>
</tr>
<tr>
<td title='tms.mb.user.ConfirmPackageAfterBookingTest.confirmPackageAfterBookingTest()'><b>confirmPackageAfterBookingTest</b><br>Test class: tms.mb.user.ConfirmPackageAfterBookingTest</td>
<td><div><pre>java.lang.AssertionError: Canceled by admin at 2023-03-02 04:23:40 expected [true] but found [false]
	at tms.mb.user.ConfirmPackageAfterBookingTest.confirmPackageAfterBookingTest(ConfirmPackageAfterBookingTest.java:74)
	at java.base/java.util.concurrent.ThreadPoolExecutor.runWorker(ThreadPoolExecutor.java:1130)
	at java.base/java.util.concurrent.ThreadPoolExecutor$Worker.run(ThreadPoolExecutor.java:630)
	at java.base/java.lang.Thread.run(Thread.java:831)
... Removed 15 stack frames</pre></div><a href='#' onClick='toggleBox("stack-trace15497726", this, "Click to show all stack frames", "Click to hide stack frames")'>Click to show all stack frames</a>
<div class='stack-trace' id='stack-trace15497726'><pre>java.lang.AssertionError: Canceled by admin at 2023-03-02 04:23:40 expected [true] but found [false]
	at org.testng.Assert.fail(Assert.java:110)
	at org.testng.Assert.failNotEquals(Assert.java:1577)
	at org.testng.Assert.assertTrue(Assert.java:56)
	at tms.mb.user.ConfirmPackageAfterBookingTest.confirmPackageAfterBookingTest(ConfirmPackageAfterBookingTest.java:74)
	at java.base/jdk.internal.reflect.NativeMethodAccessorImpl.invoke0(Native Method)
	at java.base/jdk.internal.reflect.NativeMethodAccessorImpl.invoke(NativeMethodAccessorImpl.java:78)
	at java.base/jdk.internal.reflect.DelegatingMethodAccessorImpl.invoke(DelegatingMethodAccessorImpl.java:43)
	at java.base/java.lang.reflect.Method.invoke(Method.java:567)
	at org.testng.internal.invokers.MethodInvocationHelper.invokeMethod(MethodInvocationHelper.java:139)
	at org.testng.internal.invokers.TestInvoker.invokeMethod(TestInvoker.java:677)
	at org.testng.internal.invokers.TestInvoker.invokeTestMethod(TestInvoker.java:221)
	at org.testng.internal.invokers.MethodRunner.runInSequence(MethodRunner.java:50)
	at org.testng.internal.invokers.TestInvoker$MethodInvocationAgent.invoke(TestInvoker.java:969)
	at org.testng.internal.invokers.TestInvoker.invokeTestMethods(TestInvoker.java:194)
	at org.testng.internal.invokers.TestMethodWorker.invokeTestMethods(TestMethodWorker.java:148)
	at org.testng.internal.invokers.TestMethodWorker.run(TestMethodWorker.java:128)
	at java.base/java.util.concurrent.ThreadPoolExecutor.runWorker(ThreadPoolExecutor.java:1130)
	at java.base/java.util.concurrent.ThreadPoolExecutor$Worker.run(ThreadPoolExecutor.java:630)
	at java.base/java.lang.Thread.run(Thread.java:831)
</pre></div></td>
<td>31</td>
<td>tms.mb.user.ConfirmPackageAfterBookingTest@1e6a3214</td></tr>
</table><p>
<table width='100%' border='1' class='invocation-passed'>
<tr><td colspan='4' align='center'><b>PASSED TESTS</b></td></tr>
<tr><td><b>Test method</b></td>
<td><b>Attribute(s)</b></td>
<td width="30%"><b>Exception</b></td>
<td width="10%"><b>Time (seconds)</b></td>
<td><b>Instance</b></td>
</tr>
<tr>
<td title='tms.mb.admin.CreatePackageTest.createPackageTest()'><b>createPackageTest</b><br>Test class: tms.mb.admin.CreatePackageTest</td>
<td></td>
<td>19</td>
<td>tms.mb.admin.CreatePackageTest@4145bad8</td></tr>
<tr>
<td title='tms.mb.admin.AdminCreatePackage_UpdateSamePackageTest.adminCreatePackage_UpdateSamePackageTest()'><b>adminCreatePackage_UpdateSamePackageTest</b><br>Test class: tms.mb.admin.AdminCreatePackage_UpdateSamePackageTest</td>
<td></td>
<td>18</td>
<td>tms.mb.admin.AdminCreatePackage_UpdateSamePackageTest@d86a6f</td></tr>
<tr>
<td title='tms.mb.user.CancelPackageAfterBookingTest.cancelPackageAfterBookingTest()'><b>cancelPackageAfterBookingTest</b><br>Test class: tms.mb.user.CancelPackageAfterBookingTest</td>
<td></td>
<td>26</td>
<td>tms.mb.user.CancelPackageAfterBookingTest@2892d68</td></tr>
</table><p>
</body>
</html>